This file contains any messages produced by compilers while
running configure, to aid debugging if configure makes a mistake.

It was created by configure, which was
generated by GNU Autoconf 2.57.  Invocation command line was

  $ /home/brian/work/programming/kyammi/configure --enable-debug=full

## --------- ##
## Platform. ##
## --------- ##

hostname = linux
uname -m = i686
uname -r = 2.4.21-192-athlon
uname -s = Linux
uname -v = #1 Wed Feb 18 19:28:00 UTC 2004

/usr/bin/uname -p = unknown
/bin/uname -X     = unknown

/bin/arch              = i686
/usr/bin/arch -k       = unknown
/usr/convex/getsysinfo = unknown
hostinfo               = unknown
/bin/machine           = unknown
/usr/bin/oslevel       = unknown
/bin/universe          = unknown

PATH: /home/brian/bin
PATH: /usr/local/bin
PATH: /usr/bin
PATH: /usr/X11R6/bin
PATH: /bin
PATH: /usr/games
PATH: /opt/gnome/bin
PATH: /opt/kde3/bin
PATH: /usr/lib/java/bin
PATH: /usr/lib/qt3/bin
PATH: //home/brian/work/bin
PATH: /usr/lib/qt3/bin
PATH: //home/brian/work/bin


## ----------- ##
## Core tests. ##
## ----------- ##

configure:1534: checking build system type
configure:1552: result: i686-pc-linux-gnu
configure:1560: checking host system type
configure:1574: result: i686-pc-linux-gnu
configure:1582: checking target system type
configure:1596: result: i686-pc-linux-gnu
configure:1642: checking for a BSD-compatible install
configure:1696: result: /usr/bin/install -c
configure:1711: checking for -p flag to install
configure:1724: result: yes
configure:1735: checking whether build environment is sane
configure:1778: result: yes
configure:1798: checking for gawk
configure:1814: found /usr/bin/gawk
configure:1824: result: gawk
configure:1834: checking whether make sets $(MAKE)
configure:1854: result: yes
configure:2067: checking for style of include used by make
configure:2095: result: GNU
configure:2242: checking for gcc
configure:2258: found /usr/local/bin/gcc
configure:2268: result: gcc
configure:2512: checking for C compiler version
configure:2515: gcc --version </dev/null >&5
gcc (GCC) 3.3.1 (SuSE Linux)
Copyright (C) 2003 Free Software Foundation, Inc.
This is free software; see the source for copying conditions.  There is NO
warranty; not even for MERCHANTABILITY or FITNESS FOR A PARTICULAR PURPOSE.

configure:2518: $? = 0
configure:2520: gcc -v </dev/null >&5
Reading specs from /usr/lib/gcc-lib/i586-suse-linux/3.3.1/specs
Configured with: ../configure --enable-threads=posix --prefix=/usr --with-local-prefix=/usr/local --infodir=/usr/share/info --mandir=/usr/share/man --libdir=/usr/lib --enable-languages=c,c++,f77,objc,java,ada --disable-checking --enable-libgcj --with-gxx-include-dir=/usr/include/g++ --with-slibdir=/lib --with-system-zlib --enable-shared --enable-__cxa_atexit i586-suse-linux
Thread model: posix
gcc version 3.3.1 (SuSE Linux)
configure:2523: $? = 0
configure:2525: gcc -V </dev/null >&5
gcc: `-V' option must have argument
configure:2528: $? = 1
configure:2552: checking for C compiler default output
configure:2555: gcc     -lkdeui conftest.c  >&5
/usr/lib/gcc-lib/i586-suse-linux/3.3.1/../../../../i586-suse-linux/bin/ld: cannot find -lkdeui
collect2: ld returned 1 exit status
configure:2558: $? = 1
configure: failed program was:
| /* #line 2531 "configure" */
| /* confdefs.h.  */
| 
| #define PACKAGE_NAME ""
| #define PACKAGE_TARNAME ""
| #define PACKAGE_VERSION ""
| #define PACKAGE_STRING ""
| #define PACKAGE_BUGREPORT ""
| #define PACKAGE "kyammi"
| #define VERSION "0.1"
| /* end confdefs.h.  */
| 
| int
| main ()
| {
| 
|   ;
|   return 0;
| }
configure:2597: error: C compiler cannot create executables
See `config.log' for more details.

## ---------------- ##
## Cache variables. ##
## ---------------- ##

ac_cv_build=i686-pc-linux-gnu
ac_cv_build_alias=i686-pc-linux-gnu
ac_cv_env_CC_set=
ac_cv_env_CC_value=
ac_cv_env_CFLAGS_set=
ac_cv_env_CFLAGS_value=
ac_cv_env_CPPFLAGS_set=
ac_cv_env_CPPFLAGS_value=
ac_cv_env_CPP_set=
ac_cv_env_CPP_value=
ac_cv_env_CXXCPP_set=
ac_cv_env_CXXCPP_value=
ac_cv_env_CXXFLAGS_set=set
ac_cv_env_CXXFLAGS_value='-O0 -g3'
ac_cv_env_CXX_set=
ac_cv_env_CXX_value=
ac_cv_env_F77_set=
ac_cv_env_F77_value=
ac_cv_env_FFLAGS_set=
ac_cv_env_FFLAGS_value=
ac_cv_env_LDFLAGS_set=set
ac_cv_env_LDFLAGS_value=' -lkdeui'
ac_cv_env_build_alias_set=
ac_cv_env_build_alias_value=
ac_cv_env_host_alias_set=
ac_cv_env_host_alias_value=
ac_cv_env_target_alias_set=
ac_cv_env_target_alias_value=
ac_cv_host=i686-pc-linux-gnu
ac_cv_host_alias=i686-pc-linux-gnu
ac_cv_path_install='/usr/bin/install -c'
ac_cv_prog_AWK=gawk
ac_cv_prog_ac_ct_CC=gcc
ac_cv_prog_make_make_set=yes
ac_cv_target=i686-pc-linux-gnu
ac_cv_target_alias=i686-pc-linux-gnu

## ----------------- ##
## Output variables. ##
## ----------------- ##

ACLOCAL='${SHELL} /home/brian/work/programming/kyammi/admin/missing --run aclocal-1.7'
AMDEPBACKSLASH='\'
AMDEP_FALSE='#'
AMDEP_TRUE=''
AMTAR='${SHELL} /home/brian/work/programming/kyammi/admin/missing --run tar'
AR=''
ARTSCCONFIG=''
AUTOCONF='${SHELL} /home/brian/work/programming/kyammi/admin/missing --run autoconf'
AUTODIRS=''
AUTOHEADER='${SHELL} /home/brian/work/programming/kyammi/admin/missing --run autoheader'
AUTOMAKE='${SHELL} /home/brian/work/programming/kyammi/admin/missing --run automake-1.7'
AWK='gawk'
CC='gcc'
CCDEPMODE=''
CFLAGS=' '
CONF_FILES=' $(top_srcdir)/./admin/configure.in.min $(top_srcdir)/configure.in.in'
CPP=''
CPPFLAGS=''
CXX=''
CXXCPP=''
CXXDEPMODE=''
CXXFLAGS='-O0 -g3'
CYGPATH_W='echo'
DCOPIDL2CPP=''
DCOPIDL=''
DCOPIDLNG=''
DCOP_DEPENDENCIES=''
DEFS=''
DEPDIR='.deps'
ECHO='echo'
ECHO_C=''
ECHO_N='-n'
ECHO_T=''
EGREP=''
EXEEXT=''
F77=''
FFLAGS=''
FRAMEWORK_COREAUDIO=''
GMSGFMT=''
INSTALL_DATA='${INSTALL} -m 644'
INSTALL_PROGRAM='${INSTALL} $(INSTALL_STRIP_FLAG)'
INSTALL_SCRIPT='${INSTALL}'
INSTALL_STRIP_PROGRAM='${SHELL} $(install_sh) -c -s'
KCFG_DEPENDENCIES=''
KCONFIG_COMPILER=''
KDECONFIG=''
KDE_EXTRA_RPATH=''
KDE_INCLUDES=''
KDE_LDFLAGS=''
KDE_MT_LDFLAGS=''
KDE_MT_LIBS=''
KDE_NO_UNDEFINED=''
KDE_PLUGIN=''
KDE_RPATH=''
KDE_USE_CLOSURE_FALSE=''
KDE_USE_CLOSURE_TRUE=''
KDE_USE_FINAL_FALSE=''
KDE_USE_FINAL_TRUE=''
KDE_USE_NMCHECK_FALSE=''
KDE_USE_NMCHECK_TRUE=''
KDE_XSL_STYLESHEET=''
LDFLAGS=' -lkdeui'
LIBCOMPAT=''
LIBCRYPT=''
LIBDL=''
LIBJPEG=''
LIBOBJS=''
LIBPNG=''
LIBPTHREAD=''
LIBRESOLV=''
LIBS=''
LIBSM=''
LIBSOCKET=''
LIBTOOL=''
LIBUCB=''
LIBUTIL=''
LIBZ=''
LIB_KAB=''
LIB_KABC=''
LIB_KDECORE=''
LIB_KDEPIM=''
LIB_KDEPRINT=''
LIB_KDEUI=''
LIB_KFILE=''
LIB_KFM=''
LIB_KHTML=''
LIB_KIO=''
LIB_KPARTS=''
LIB_KSPELL=''
LIB_KSYCOCA=''
LIB_KUTILS=''
LIB_POLL=''
LIB_QPE=''
LIB_QT=''
LIB_SMB=''
LIB_X11=''
LIB_XEXT=''
LIB_XRENDER=''
LN_S=''
LTLIBOBJS=''
MAKEINFO='${SHELL} /home/brian/work/programming/kyammi/admin/missing --run makeinfo'
MCOPIDL=''
MEINPROC=''
MOC=''
MSGFMT=''
NOOPT_CFLAGS=''
NOOPT_CXXFLAGS=''
OBJEXT=''
PACKAGE='kyammi'
PACKAGE_BUGREPORT=''
PACKAGE_NAME=''
PACKAGE_STRING=''
PACKAGE_TARNAME=''
PACKAGE_VERSION=''
PATH_SEPARATOR=':'
PERL=''
QTE_NORTTI=''
QT_INCLUDES=''
QT_LDFLAGS=''
RANLIB=''
SET_MAKE=''
SHELL='/bin/sh'
STRIP=''
TOPSUBDIRS=''
UIC=''
UIC_TR=''
USER_INCLUDES=''
USER_LDFLAGS=''
USE_EXCEPTIONS=''
USE_RTTI=''
USE_THREADS=''
VERSION='0.1'
WOVERLOADED_VIRTUAL=''
XGETTEXT=''
XMLLINT=''
XMMS_CFLAGS=''
XMMS_CONFIG=''
XMMS_DATA_DIR=''
XMMS_EFFECT_PLUGIN_DIR=''
XMMS_GENERAL_PLUGIN_DIR=''
XMMS_INPUT_PLUGIN_DIR=''
XMMS_LIBS=''
XMMS_OUTPUT_PLUGIN_DIR=''
XMMS_PLUGIN_DIR=''
XMMS_VERSION=''
XMMS_VISUALIZATION_PLUGIN_DIR=''
X_EXTRA_LIBS=''
X_INCLUDES=''
X_LDFLAGS=''
X_PRE_LIBS=''
X_RPATH=''
ac_ct_AR=''
ac_ct_CC='gcc'
ac_ct_CXX=''
ac_ct_F77=''
ac_ct_RANLIB=''
ac_ct_STRIP=''
all_includes=''
all_libraries=''
am__fastdepCC_FALSE=''
am__fastdepCC_TRUE=''
am__fastdepCXX_FALSE=''
am__fastdepCXX_TRUE=''
am__include='include'
am__leading_dot='.'
am__quote=''
bindir='${exec_prefix}/bin'
build='i686-pc-linux-gnu'
build_alias=''
build_cpu='i686'
build_os='linux-gnu'
build_vendor='pc'
datadir='${prefix}/share'
exec_prefix='NONE'
host='i686-pc-linux-gnu'
host_alias=''
host_cpu='i686'
host_os='linux-gnu'
host_vendor='pc'
include_ARTS_FALSE=''
include_ARTS_TRUE=''
includedir='${prefix}/include'
infodir='${prefix}/info'
install_sh='/home/brian/work/programming/kyammi/admin/install-sh'
kde_appsdir=''
kde_bindir=''
kde_confdir=''
kde_datadir=''
kde_htmldir=''
kde_icondir=''
kde_includes=''
kde_kcfgdir=''
kde_libraries=''
kde_libs_htmldir=''
kde_libs_prefix=''
kde_locale=''
kde_mimedir=''
kde_moduledir=''
kde_qtver=''
kde_servicesdir=''
kde_servicetypesdir=''
kde_sounddir=''
kde_styledir=''
kde_templatesdir=''
kde_wallpaperdir=''
kde_widgetdir=''
kdeinitdir=''
libdir='${exec_prefix}/lib'
libexecdir='${exec_prefix}/libexec'
localstatedir='${prefix}/var'
mandir='${prefix}/man'
oldincludedir='/usr/include'
prefix='/usr/local/kde'
program_transform_name='s,x,x,'
qt_includes=''
qt_libraries=''
sbindir='${exec_prefix}/sbin'
sharedstatedir='${prefix}/com'
sysconfdir='${prefix}/etc'
target='i686-pc-linux-gnu'
target_alias=''
target_cpu='i686'
target_os='linux-gnu'
target_vendor='pc'
x_includes='NONE'
x_libraries='NONE'
xdg_appsdir=''
xdg_directorydir=''
xdg_menudir=''

## ----------- ##
## confdefs.h. ##
## ----------- ##

#define PACKAGE "kyammi"
#define PACKAGE_BUGREPORT ""
#define PACKAGE_NAME ""
#define PACKAGE_STRING ""
#define PACKAGE_TARNAME ""
#define PACKAGE_VERSION ""
#define VERSION "0.1"

configure: exit 77
