This file contains any messages produced by compilers while
running configure, to aid debugging if configure makes a mistake.

configure:606: checking host system type
configure:627: checking target system type
configure:645: checking build system type
configure:699: checking for a BSD compatible install
configure:752: checking whether build environment is sane
configure:790: checking whether make sets ${MAKE}
configure:836: checking for working aclocal
configure:849: checking for working autoconf
configure:862: checking for working automake
configure:875: checking for working autoheader
configure:888: checking for working makeinfo
configure:1002: checking for a C-Compiler
configure:1008: checking for gcc
configure:1114: checking whether the C compiler (gcc  -O1 -Wall      -s -s -s ) works
configure:1130: gcc -o conftest  -O1 -Wall       -s -s -s  conftest.c  1>&5
configure:1127: warning: return-type defaults to `int'
configure:1156: checking whether the C compiler (gcc  -O1 -Wall      -s -s -s ) is a cross-compiler
configure:1161: checking whether we are using GNU C
configure:1238: checking how to run the C preprocessor
configure:1300: checking for a C++-Compiler
configure:1306: checking for g++
configure:1422: checking whether the C++ compiler (g++  -O1 -Wall      -s -s -s ) works
configure:1438: g++ -o conftest  -O1 -Wall       -s -s -s  conftest.C  1>&5
configure:1464: checking whether the C++ compiler (g++  -O1 -Wall      -s -s -s ) is a cross-compiler
configure:1469: checking whether we are using GNU C++
configure:1701: checking whether g++ supports -fexceptions
configure:1735: checking whether g++ supports -frtti
configure:1773: checking how to run the C++ preprocessor
configure:1872: checking whether g++ supports -frepo
configure:2009: checking for Cygwin environment
configure:2042: checking for mingw32 environment
configure:2105: checking for ld used by GCC
configure:2173: checking if the linker (/usr/i486-suse-linux/bin/ld) is GNU ld
configure:2190: checking for /usr/i486-suse-linux/bin/ld option to reload object files
configure:2202: checking for BSD-compatible nm
configure:2238: checking whether ln -s works
configure:2259: checking how to recognise dependant libraries
configure:2369: checking for object suffix
configure:2395: checking for executable suffix
configure:2575: checking for ranlib
configure:2642: checking for strip
ltconfig:563:checking for g++ option to produce PIC
ltconfig:693:checking that g++ PIC flag  -fPIC works.
ltconfig:754: checking if g++ static flag -static works
ltconfig:799: checking if g++ supports -c -o file.o
ltconfig:800: g++ -c  -O1 -Wall    -o out/conftest2.o  conftest.c 1>&5
ltconfig:832: checking if g++ supports -c -o file.lo
ltconfig:833: g++ -c  -O1 -Wall    -c -o conftest.lo  conftest.c 1>&5
ltconfig:884: checking if g++ supports -fno-rtti -fno-exceptions
ltconfig:885: g++ -c  -O1 -Wall    -fno-rtti -fno-exceptions -c conftest.c  conftest.c 1>&5
ltconfig:1867: checking if global_symbol_pipe works
ltconfig:1868: g++ -c  -O1 -Wall     conftest.c 1>&5
conftest.c:9: warning: ANSI C++ forbids declaration `main' with no type
ltconfig:1871: eval "/usr/bin/nm -B conftest.o | sed -n -e 's/^.*[ 	]\([ABCDGISTW]\)[ 	][ 	]*\(\)\([_A-Za-z][_A-Za-z0-9]*\)$/\1 \2\3 \3/p' > conftest.nm"
ltconfig:1923: g++ -o conftest  -O1 -Wall    -fno-builtin -fno-rtti -fno-exceptions    -s -s -s  conftest.c conftstm.o 1>&5
ltconfig:2269: checking for dlfcn.h
ltconfig:2307: checking whether a program can dlopen itself
configure:2931: checking for dlopen in -ldl
configure:2975: checking for shl_unload in -ldld
configure:3029: checking for main in -lcompat
configure:3066: checking for crypt in -lcrypt
configure:3159: checking for the third argument of getsockname
configure:3256: checking for dnet_ntoa in -ldnet
configure:3297: checking for dnet_ntoa in -ldnet_stub
configure:3338: checking for inet_ntoa
configure:3428: checking for connect
configure:3519: checking for remove
configure:3611: checking for shmat
configure:3705: checking for killpg in -lucb
configure:3795: checking for bool
configure:3838: checking for extra includes
configure:3869: checking for extra libs
configure:3903: checking for libz
configure:3960: checking for X
configure:4236: checking for IceConnectionNumber in -lICE
configure:4284: checking for libXext
configure:4338: checking for libpng
configure:4408: checking for Qt
configure:4612: checking if Qt compiles without flags
configure:4748: checking for moc
